Column: id
Column: artikuls
Column: nosaukums
Column: pard_cena1
Column: stop_prece
Column: grupas_id
Column: kateg_id
Column: alkoutlet_nosaukums
Column: alkoutlet_cena
Column: alkoutlet_akcija
Column: alkoutlet_datums
Column: alkoutlet_datums_7
Column: alkoutlet_url
Column: barbora_nosaukums
Column: barbora_cena
Column: barbora_akcija
Column: barbora_datums
Column: barbora_datums_7
Column: barbora_url
Column: citro_nosaukums
Column: citro_cena
Column: citro_akcija
Column: citro_datums
Column: citro_datums_7
Column: citro_url
Column: lats_nosaukums
Column: lats_cena
Column: lats_akcija
Column: lats_datums
Column: lats_datums_7
Column: lats_url
Column: rimi_nosaukums
Column: rimi_cena
Column: rimi_akcija
Column: rimi_datums
Column: rimi_datums_7
Column: rimi_url
Column: id
Column: artikuls
Column: nosaukums
Column: pard_cena1
Column: stop_prece
Column: grupas_id
Column: kateg_id
Column: alkoutlet_nosaukums
Column: alkoutlet_cena
Column: alkoutlet_akcija
Column: alkoutlet_datums
Column: alkoutlet_datums_7
Column: alkoutlet_url
Column: barbora_nosaukums
Column: barbora_cena
Column: barbora_akcija
Column: barbora_datums
Column: barbora_datums_7
Column: barbora_url
Column: citro_nosaukums
Column: citro_cena
Column: citro_akcija
Column: citro_datums
Column: citro_datums_7
Column: citro_url
Column: lats_nosaukums
Column: lats_cena
Column: lats_akcija
Column: lats_datums
Column: lats_datums_7
Column: lats_url
Column: rimi_nosaukums
Column: rimi_cena
Column: rimi_akcija
Column: rimi_datums
Column: rimi_datums_7
Column: rimi_url
Column: id
Column: artikuls
Column: nosaukums
Column: pard_cena1
Column: stop_prece
Column: grupas_id
Column: kateg_id
Column: alkoutlet_nosaukums
Column: alkoutlet_cena
Column: alkoutlet_akcija
Column: alkoutlet_datums
Column: alkoutlet_datums_7
Column: alkoutlet_url
Column: barbora_nosaukums
Column: barbora_cena
Column: barbora_akcija
Column: barbora_datums
Column: barbora_datums_7
Column: barbora_url
Column: citro_nosaukums
Column: citro_cena
Column: citro_akcija
Column: citro_datums
Column: citro_datums_7
Column: citro_url
Column: lats_nosaukums
Column: lats_cena
Column: lats_akcija
Column: lats_datums
Column: lats_datums_7
Column: lats_url
Column: rimi_nosaukums
Column: rimi_cena
Column: rimi_akcija
Column: rimi_datums
Column: rimi_datums_7
Column: rimi_url
Column: id
Column: artikuls
Column: nosaukums
Column: pard_cena1
Column: stop_prece
Column: grupas_id
Column: kateg_id
Column: alkoutlet_nosaukums
Column: alkoutlet_cena
Column: alkoutlet_akcija
Column: alkoutlet_datums
Column: alkoutlet_datums_7
Column: alkoutlet_url
Column: barbora_nosaukums
Column: barbora_cena
Column: barbora_akcija
Column: barbora_datums
Column: barbora_datums_7
Column: barbora_url
Column: citro_nosaukums
Column: citro_cena
Column: citro_akcija
Column: citro_datums
Column: citro_datums_7
Column: citro_url
Column: lats_nosaukums
Column: lats_cena
Column: lats_akcija
Column: lats_datums
Column: lats_datums_7
Column: lats_url
Column: rimi_nosaukums
Column: rimi_cena
Column: rimi_akcija
Column: rimi_datums
Column: rimi_datums_7
Column: rimi_url
Column: id
Column: artikuls
Column: nosaukums
Column: pard_cena1
Column: stop_prece
Column: grupas_id
Column: kateg_id
Column: alkoutlet_nosaukums
Column: alkoutlet_cena
Column: alkoutlet_akcija
Column: alkoutlet_datums
Column: alkoutlet_datums_7
Column: alkoutlet_url
Column: barbora_nosaukums
Column: barbora_cena
Column: barbora_akcija
Column: barbora_datums
Column: barbora_datums_7
Column: barbora_url
Column: citro_nosaukums
Column: citro_cena
Column: citro_akcija
Column: citro_datums
Column: citro_datums_7
Column: citro_url
Column: lats_nosaukums
Column: lats_cena
Column: lats_akcija
Column: lats_datums
Column: lats_datums_7
Column: lats_url
Column: rimi_nosaukums
Column: rimi_cena
Column: rimi_akcija
Column: rimi_datums
Column: rimi_datums_7
Column: rimi_url
Column: id
Column: artikuls
Column: nosaukums
Column: pard_cena1
Column: stop_prece
Column: grupas_id
Column: kateg_id
Column: alkoutlet_nosaukums
Column: alkoutlet_cena
Column: alkoutlet_akcija
Column: alkoutlet_datums
Column: alkoutlet_datums_7
Column: alkoutlet_url
Column: barbora_nosaukums
Column: barbora_cena
Column: barbora_akcija
Column: barbora_datums
Column: barbora_datums_7
Column: barbora_url
Column: citro_nosaukums
Column: citro_cena
Column: citro_akcija
Column: citro_datums
Column: citro_datums_7
Column: citro_url
Column: lats_nosaukums
Column: lats_cena
Column: lats_akcija
Column: lats_datums
Column: lats_datums_7
Column: lats_url
Column: rimi_nosaukums
Column: rimi_cena
Column: rimi_akcija
Column: rimi_datums
Column: rimi_datums_7
Column: rimi_url
Column: id
Column: artikuls
Column: nosaukums
Column: pard_cena1
Column: stop_prece
Column: grupas_id
Column: kateg_id
Column: alkoutlet_nosaukums
Column: alkoutlet_cena
Column: alkoutlet_akcija
Column: alkoutlet_datums
Column: alkoutlet_datums_7
Column: alkoutlet_url
Column: barbora_nosaukums
Column: barbora_cena
Column: barbora_akcija
Column: barbora_datums
Column: barbora_datums_7
Column: barbora_url
Column: citro_nosaukums
Column: citro_cena
Column: citro_akcija
Column: citro_datums
Column: citro_datums_7
Column: citro_url
Column: lats_nosaukums
Column: lats_cena
Column: lats_akcija
Column: lats_datums
Column: lats_datums_7
Column: lats_url
Column: rimi_nosaukums
Column: rimi_cena
Column: rimi_akcija
Column: rimi_datums
Column: rimi_datums_7
Column: rimi_url
Column: id
Column: artikuls
Column: nosaukums
Column: pard_cena1
Column: stop_prece
Column: grupas_id
Column: kateg_id
Column: alkoutlet_nosaukums
Column: alkoutlet_cena
Column: alkoutlet_akcija
Column: alkoutlet_datums
Column: alkoutlet_datums_7
Column: alkoutlet_url
Column: barbora_nosaukums
Column: barbora_cena
Column: barbora_akcija
Column: barbora_datums
Column: barbora_datums_7
Column: barbora_url
Column: citro_nosaukums
Column: citro_cena
Column: citro_akcija
Column: citro_datums
Column: citro_datums_7
Column: citro_url
Column: lats_nosaukums
Column: lats_cena
Column: lats_akcija
Column: lats_datums
Column: lats_datums_7
Column: lats_url
Column: rimi_nosaukums
Column: rimi_cena
Column: rimi_akcija
Column: rimi_datums
Column: rimi_datums_7
Column: rimi_url
Column: id
Column: artikuls
Column: nosaukums
Column: pard_cena1
Column: stop_prece
Column: grupas_id
Column: kateg_id
Column: alkoutlet_nosaukums
Column: alkoutlet_cena
Column: alkoutlet_akcija
Column: alkoutlet_datums
Column: alkoutlet_datums_7
Column: alkoutlet_url
Column: barbora_nosaukums
Column: barbora_cena
Column: barbora_akcija
Column: barbora_datums
Column: barbora_datums_7
Column: barbora_url
Column: citro_nosaukums
Column: citro_cena
Column: citro_akcija
Column: citro_datums
Column: citro_datums_7
Column: citro_url
Column: lats_nosaukums
Column: lats_cena
Column: lats_akcija
Column: lats_datums
Column: lats_datums_7
Column: lats_url
Column: rimi_nosaukums
Column: rimi_cena
Column: rimi_akcija
Column: rimi_datums
Column: rimi_datums_7
Column: rimi_url
Column: nosaukums
Column: pard_cena1
Column: stop_prece
Column: grupas_id
Column: kateg_id
Column: artikuls
Column: alkoutlet_nosaukums
Column: alkoutlet_cena
Column: alkoutlet_akcija
Column: alkoutlet_datums
Column: alkoutlet_datums_7
Column: alkoutlet_url
Column: barbora_nosaukums
Column: barbora_cena
Column: barbora_akcija
Column: barbora_datums
Column: barbora_datums_7
Column: barbora_url
Column: citro_nosaukums
Column: citro_cena
Column: citro_akcija
Column: citro_datums
Column: citro_datums_7
Column: citro_url
Column: lats_nosaukums
Column: lats_cena
Column: lats_akcija
Column: lats_datums
Column: lats_datums_7
Column: lats_url
Column: rimi_nosaukums
Column: rimi_cena
Column: rimi_akcija
Column: rimi_datums
Column: rimi_datums_7
Column: rimi_url
Column: id
Column: artikuls
Column: nosaukums
Column: pard_cena1
Column: stop_prece
Column: grupas_id
Column: kateg_id
Column: alkoutlet_nosaukums
Column: alkoutlet_cena
Column: alkoutlet_akcija
Column: alkoutlet_datums
Column: alkoutlet_datums_7
Column: alkoutlet_url
Column: barbora_nosaukums
Column: barbora_cena
Column: barbora_akcija
Column: barbora_datums
Column: barbora_datums_7
Column: barbora_url
Column: citro_nosaukums
Column: citro_cena
Column: citro_akcija
Column: citro_datums
Column: citro_datums_7
Column: citro_url
Column: lats_nosaukums
Column: lats_cena
Column: lats_akcija
Column: lats_datums
Column: lats_datums_7
Column: lats_url
Column: rimi_nosaukums
Column: rimi_cena
Column: rimi_akcija
Column: rimi_datums
Column: rimi_datums_7
Column: rimi_url
Column: id
Column: artikuls
Column: nosaukums
Column: pard_cena1
Column: stop_prece
Column: grupas_id
Column: kateg_id
Column: alkoutlet_nosaukums
Column: alkoutlet_cena
Column: alkoutlet_akcija
Column: alkoutlet_datums
Column: alkoutlet_datums_7
Column: alkoutlet_url
Column: barbora_nosaukums
Column: barbora_cena
Column: barbora_akcija
Column: barbora_datums
Column: barbora_datums_7
Column: barbora_url
Column: citro_nosaukums
Column: citro_cena
Column: citro_akcija
Column: citro_datums
Column: citro_datums_7
Column: citro_url
Column: lats_nosaukums
Column: lats_cena
Column: lats_akcija
Column: lats_datums
Column: lats_datums_7
Column: lats_url
Column: rimi_nosaukums
Column: rimi_cena
Column: rimi_akcija
Column: rimi_datums
Column: rimi_datums_7
Column: rimi_url
Column: artikuls
Column: nosaukums
Column: pard_cena1
Column: stop_prece
Column: grupas_id
Column: kateg_id
Column: alkoutlet_nosaukums
Column: alkoutlet_cena
Column: alkoutlet_akcija
Column: alkoutlet_datums
Column: alkoutlet_datums_7
Column: alkoutlet_url
Column: barbora_nosaukums
Column: barbora_cena
Column: barbora_akcija
Column: barbora_datums
Column: barbora_datums_7
Column: barbora_url
Column: citro_nosaukums
Column: citro_cena
Column: citro_akcija
Column: citro_datums
Column: citro_datums_7
Column: citro_url
Column: lats_nosaukums
Column: lats_cena
Column: lats_akcija
Column: lats_datums
Column: lats_datums_7
Column: lats_url
Column: rimi_nosaukums
Column: rimi_cena
Column: rimi_akcija
Column: rimi_datums
Column: rimi_datums_7
Column: rimi_url
Column: artikuls
Column: nosaukums
Column: pard_cena1
Column: stop_prece
Column: grupas_id
Column: kateg_id
Column: alkoutlet_nosaukums
Column: alkoutlet_cena
Column: alkoutlet_akcija
Column: alkoutlet_datums
Column: alkoutlet_datums_7
Column: alkoutlet_url
Column: barbora_nosaukums
Column: barbora_cena
Column: barbora_akcija
Column: barbora_datums
Column: barbora_datums_7
Column: barbora_url
Column: citro_nosaukums
Column: citro_cena
Column: citro_akcija
Column: citro_datums
Column: citro_datums_7
Column: citro_url
Column: lats_nosaukums
Column: lats_cena
Column: lats_akcija
Column: lats_datums
Column: lats_datums_7
Column: lats_url
Column: rimi_nosaukums
Column: rimi_cena
Column: rimi_akcija
Column: rimi_datums
Column: rimi_datums_7
Column: rimi_url
Column: artikuls
Column: nosaukums
Column: pard_cena1
Column: stop_prece
Column: grupas_id
Column: kateg_id
Column: alkoutlet_nosaukums
Column: alkoutlet_cena
Column: alkoutlet_akcija
Column: alkoutlet_datums
Column: alkoutlet_datums_7
Column: alkoutlet_url
Column: barbora_nosaukums
Column: barbora_cena
Column: barbora_akcija
Column: barbora_datums
Column: barbora_datums_7
Column: barbora_url
Column: citro_nosaukums
Column: citro_cena
Column: citro_akcija
Column: citro_datums
Column: citro_datums_7
Column: citro_url
Column: lats_nosaukums
Column: lats_cena
Column: lats_akcija
Column: lats_datums
Column: lats_datums_7
Column: lats_url
Column: rimi_nosaukums
Column: rimi_cena
Column: rimi_akcija
Column: rimi_datums
Column: rimi_datums_7
Column: rimi_url
Column: preces_artikuls
Column: preces_nosaukums
Column: preces_pard_cena1
Column: preces_stop_prece
Column: preces_grupas_id
Column: preces_kateg_id
Column: alkoutlet_artikuls
Column: alkoutlet_alkoutlet_nosaukums
Column: alkoutlet_alkoutlet_cena
Column: alkoutlet_alkoutlet_akcija
Column: alkoutlet_alkoutlet_datums
Column: alkoutlet_alkoutlet_datums_7
Column: alkoutlet_alkoutlet_url
Column: barbora_artikuls
Column: barbora_barbora_nosaukums
Column: barbora_barbora_cena
Column: barbora_barbora_akcija
Column: barbora_barbora_datums
Column: barbora_barbora_datums_7
Column: barbora_barbora_url
Column: citro_artikuls
Column: citro_citro_nosaukums
Column: citro_citro_cena
Column: citro_citro_akcija
Column: citro_citro_datums
Column: citro_citro_datums_7
Column: citro_citro_url
Column: lats_artikuls
Column: lats_lats_nosaukums
Column: lats_lats_cena
Column: lats_lats_akcija
Column: lats_lats_datums
Column: lats_lats_datums_7
Column: lats_lats_url
Column: rimi_artikuls
Column: rimi_rimi_nosaukums
Column: rimi_rimi_cena
Column: rimi_rimi_akcija
Column: rimi_rimi_datums
Column: rimi_rimi_datums_7
Column: rimi_rimi_url
Column: artikuls
Column: nosaukums
Column: pard_cena1
Column: stop_prece
Column: grupas_id
Column: kateg_id
Column: alkoutlet_nosaukums
Column: alkoutlet_cena
Column: alkoutlet_akcija
Column: alkoutlet_datums
Column: alkoutlet_datums_7
Column: alkoutlet_url
Column: barbora_nosaukums
Column: barbora_cena
Column: barbora_akcija
Column: barbora_datums
Column: barbora_datums_7
Column: barbora_url
Column: citro_nosaukums
Column: citro_cena
Column: citro_akcija
Column: citro_datums
Column: citro_datums_7
Column: citro_url
Column: lats_nosaukums
Column: lats_cena
Column: lats_akcija
Column: lats_datums
Column: lats_datums_7
Column: lats_url
Column: rimi_nosaukums
Column: rimi_cena
Column: rimi_akcija
Column: rimi_datums
Column: rimi_datums_7
Column: rimi_url
Column: artikuls
Column: nosaukums
Column: pard_cena1
Column: stop_prece
Column: grupas_id
Column: kateg_id
Column: alkoutlet_nosaukums
Column: alkoutlet_cena
Column: alkoutlet_akcija
Column: alkoutlet_datums
Column: alkoutlet_datums_7
Column: alkoutlet_url
Column: barbora_nosaukums
Column: barbora_cena
Column: barbora_akcija
Column: barbora_datums
Column: barbora_datums_7
Column: barbora_url
Column: citro_nosaukums
Column: citro_cena
Column: citro_akcija
Column: citro_datums
Column: citro_datums_7
Column: citro_url
Column: lats_nosaukums
Column: lats_cena
Column: lats_akcija
Column: lats_datums
Column: lats_datums_7
Column: lats_url
Column: rimi_nosaukums
Column: rimi_cena
Column: rimi_akcija
Column: rimi_datums
Column: rimi_datums_7
Column: rimi_url
Column: artikuls
Column: nosaukums
Column: pard_cena1
Column: stop_prece
Column: grupas_id
Column: kateg_id
Column: alkoutlet_nosaukums
Column: alkoutlet_cena
Column: alkoutlet_akcija
Column: alkoutlet_datums
Column: alkoutlet_datums_7
Column: alkoutlet_url
Column: barbora_nosaukums
Column: barbora_cena
Column: barbora_akcija
Column: barbora_datums
Column: barbora_datums_7
Column: barbora_url
Column: citro_nosaukums
Column: citro_cena
Column: citro_akcija
Column: citro_datums
Column: citro_datums_7
Column: citro_url
Column: lats_nosaukums
Column: lats_cena
Column: lats_akcija
Column: lats_datums
Column: lats_datums_7
Column: lats_url
Column: rimi_nosaukums
Column: rimi_cena
Column: rimi_akcija
Column: rimi_datums
Column: rimi_datums_7
Column: rimi_url
Column: artikuls
Column: nosaukums
Column: pard_cena1
Column: stop_prece
Column: grupas_id
Column: kateg_id
Column: alkoutlet_nosaukums
Column: alkoutlet_cena
Column: alkoutlet_akcija
Column: alkoutlet_datums
Column: alkoutlet_datums_7
Column: alkoutlet_url
Column: barbora_nosaukums
Column: barbora_cena
Column: barbora_akcija
Column: barbora_datums
Column: barbora_datums_7
Column: barbora_url
Column: citro_nosaukums
Column: citro_cena
Column: citro_akcija
Column: citro_datums
Column: citro_datums_7
Column: citro_url
Column: lats_nosaukums
Column: lats_cena
Column: lats_akcija
Column: lats_datums
Column: lats_datums_7
Column: lats_url
Column: rimi_nosaukums
Column: rimi_cena
Column: rimi_akcija
Column: rimi_datums
Column: rimi_datums_7
Column: rimi_url
Column: artikuls
Column: nosaukums
Column: pard_cena1
Column: stop_prece
Column: grupas_id
Column: kateg_id
Column: alkoutlet_nosaukums
Column: alkoutlet_cena
Column: alkoutlet_akcija
Column: alkoutlet_datums
Column: alkoutlet_datums_7
Column: alkoutlet_url
Column: barbora_nosaukums
Column: barbora_cena
Column: barbora_akcija
Column: barbora_datums
Column: barbora_datums_7
Column: barbora_url
Column: citro_nosaukums
Column: citro_cena
Column: citro_akcija
Column: citro_datums
Column: citro_datums_7
Column: citro_url
Column: lats_nosaukums
Column: lats_cena
Column: lats_akcija
Column: lats_datums
Column: lats_datums_7
Column: lats_url
Column: rimi_nosaukums
Column: rimi_cena
Column: rimi_akcija
Column: rimi_datums
Column: rimi_datums_7
Column: rimi_url
Column: artikuls
Column: nosaukums
Column: pard_cena1
Column: stop_prece
Column: grupas_id
Column: kateg_id
Column: alkoutlet_nosaukums
Column: alkoutlet_cena
Column: alkoutlet_akcija
Column: alkoutlet_datums
Column: alkoutlet_datums_7
Column: alkoutlet_url
Column: barbora_nosaukums
Column: barbora_cena
Column: barbora_akcija
Column: barbora_datums
Column: barbora_datums_7
Column: barbora_url
Column: citro_nosaukums
Column: citro_cena
Column: citro_akcija
Column: citro_datums
Column: citro_datums_7
Column: citro_url
Column: lats_nosaukums
Column: lats_cena
Column: lats_akcija
Column: lats_datums
Column: lats_datums_7
Column: lats_url
Column: rimi_nosaukums
Column: rimi_cena
Column: rimi_akcija
Column: rimi_datums
Column: rimi_datums_7
Column: rimi_url
Column: artikuls
Column: nosaukums
Column: pard_cena1
Column: stop_prece
Column: grupas_id
Column: kateg_id
Column: alkoutlet_nosaukums
Column: alkoutlet_cena
Column: alkoutlet_akcija
Column: alkoutlet_datums
Column: alkoutlet_datums_7
Column: alkoutlet_url
Column: barbora_nosaukums
Column: barbora_cena
Column: barbora_akcija
Column: barbora_datums
Column: barbora_datums_7
Column: barbora_url
Column: citro_nosaukums
Column: citro_cena
Column: citro_akcija
Column: citro_datums
Column: citro_datums_7
Column: citro_url
Column: lats_nosaukums
Column: lats_cena
Column: lats_akcija
Column: lats_datums
Column: lats_datums_7
Column: lats_url
Column: rimi_nosaukums
Column: rimi_cena
Column: rimi_akcija
Column: rimi_datums
Column: rimi_datums_7
Column: rimi_url
Column: artikuls
Column: nosaukums
Column: pard_cena1
Column: stop_prece
Column: grupas_id
Column: kateg_id
Column: alkoutlet_nosaukums
Column: alkoutlet_cena
Column: alkoutlet_akcija
Column: alkoutlet_datums
Column: alkoutlet_datums_7
Column: alkoutlet_url
Column: barbora_nosaukums
Column: barbora_cena
Column: barbora_akcija
Column: barbora_datums
Column: barbora_datums_7
Column: barbora_url
Column: citro_nosaukums
Column: citro_cena
Column: citro_akcija
Column: citro_datums
Column: citro_datums_7
Column: citro_url
Column: lats_nosaukums
Column: lats_cena
Column: lats_akcija
Column: lats_datums
Column: lats_datums_7
Column: lats_url
Column: rimi_nosaukums
Column: rimi_cena
Column: rimi_akcija
Column: rimi_datums
Column: rimi_datums_7
Column: rimi_url
Column: artikuls
Column: nosaukums
Column: pard_cena1
Column: stop_prece
Column: grupas_id
Column: kateg_id
Column: alkoutlet_nosaukums
Column: alkoutlet_cena
Column: alkoutlet_akcija
Column: alkoutlet_datums
Column: alkoutlet_datums_7
Column: alkoutlet_url
Column: barbora_nosaukums
Column: barbora_cena
Column: barbora_akcija
Column: barbora_datums
Column: barbora_datums_7
Column: barbora_url
Column: citro_nosaukums
Column: citro_cena
Column: citro_akcija
Column: citro_datums
Column: citro_datums_7
Column: citro_url
Column: lats_nosaukums
Column: lats_cena
Column: lats_akcija
Column: lats_datums
Column: lats_datums_7
Column: lats_url
Column: rimi_nosaukums
Column: rimi_cena
Column: rimi_akcija
Column: rimi_datums
Column: rimi_datums_7
Column: rimi_url
Column: artikuls
Column: nosaukums
Column: pard_cena1
Column: stop_prece
Column: grupas_id
Column: kateg_id
Column: alkoutlet_nosaukums
Column: alkoutlet_cena
Column: alkoutlet_akcija
Column: alkoutlet_datums
Column: alkoutlet_datums_7
Column: alkoutlet_url
Column: barbora_nosaukums
Column: barbora_cena
Column: barbora_akcija
Column: barbora_datums
Column: barbora_datums_7
Column: barbora_url
Column: citro_nosaukums
Column: citro_cena
Column: citro_akcija
Column: citro_datums
Column: citro_datums_7
Column: citro_url
Column: lats_nosaukums
Column: lats_cena
Column: lats_akcija
Column: lats_datums
Column: lats_datums_7
Column: lats_url
Column: rimi_nosaukums
Column: rimi_cena
Column: rimi_akcija
Column: rimi_datums
Column: rimi_datums_7
Column: rimi_url
Column: artikuls
Column: nosaukums
Column: pard_cena1
Column: stop_prece
Column: grupas_id
Column: kateg_id
Column: alkoutlet_nosaukums
Column: alkoutlet_cena
Column: alkoutlet_akcija
Column: alkoutlet_datums
Column: alkoutlet_datums_7
Column: alkoutlet_url
Column: barbora_nosaukums
Column: barbora_cena
Column: barbora_akcija
Column: barbora_datums
Column: barbora_datums_7
Column: barbora_url
Column: citro_nosaukums
Column: citro_cena
Column: citro_akcija
Column: citro_datums
Column: citro_datums_7
Column: citro_url
Column: lats_nosaukums
Column: lats_cena
Column: lats_akcija
Column: lats_datums
Column: lats_datums_7
Column: lats_url
Column: rimi_nosaukums
Column: rimi_cena
Column: rimi_akcija
Column: rimi_datums
Column: rimi_datums_7
Column: rimi_url
Column: artikuls
Column: nosaukums
Column: pard_cena1
Column: stop_prece
Column: grupas_id
Column: kateg_id
Column: alkoutlet_nosaukums
Column: alkoutlet_cena
Column: alkoutlet_akcija
Column: alkoutlet_datums
Column: alkoutlet_datums_7
Column: alkoutlet_url
Column: barbora_nosaukums
Column: barbora_cena
Column: barbora_akcija
Column: barbora_datums
Column: barbora_datums_7
Column: barbora_url
Column: citro_nosaukums
Column: citro_cena
Column: citro_akcija
Column: citro_datums
Column: citro_datums_7
Column: citro_url
Column: lats_nosaukums
Column: lats_cena
Column: lats_akcija
Column: lats_datums
Column: lats_datums_7
Column: lats_url
Column: rimi_nosaukums
Column: rimi_cena
Column: rimi_akcija
Column: rimi_datums
Column: rimi_datums_7
Column: rimi_url
Column: artikuls
Column: nosaukums
Column: pard_cena1
Column: stop_prece
Column: grupas_id
Column: kateg_id
Column: alkoutlet_nosaukums
Column: alkoutlet_cena
Column: alkoutlet_akcija
Column: alkoutlet_datums
Column: alkoutlet_datums_7
Column: alkoutlet_url
Column: barbora_nosaukums
Column: barbora_cena
Column: barbora_akcija
Column: barbora_datums
Column: barbora_datums_7
Column: barbora_url
Column: citro_nosaukums
Column: citro_cena
Column: citro_akcija
Column: citro_datums
Column: citro_datums_7
Column: citro_url
Column: lats_nosaukums
Column: lats_cena
Column: lats_akcija
Column: lats_datums
Column: lats_datums_7
Column: lats_url
Column: rimi_nosaukums
Column: rimi_cena
Column: rimi_akcija
Column: rimi_datums
Column: rimi_datums_7
Column: rimi_url
Column: artikuls
Column: nosaukums
Column: pard_cena1
Column: stop_prece
Column: grupas_id
Column: kateg_id
Column: alkoutlet_nosaukums
Column: alkoutlet_cena
Column: alkoutlet_akcija
Column: alkoutlet_datums
Column: alkoutlet_datums_7
Column: alkoutlet_url
Column: barbora_nosaukums
Column: barbora_cena
Column: barbora_akcija
Column: barbora_datums
Column: barbora_datums_7
Column: barbora_url
Column: citro_nosaukums
Column: citro_cena
Column: citro_akcija
Column: citro_datums
Column: citro_datums_7
Column: citro_url
Column: lats_nosaukums
Column: lats_cena
Column: lats_akcija
Column: lats_datums
Column: lats_datums_7
Column: lats_url
Column: rimi_nosaukums
Column: rimi_cena
Column: rimi_akcija
Column: rimi_datums
Column: rimi_datums_7
Column: rimi_url
Column: artikuls
Column: nosaukums
Column: pard_cena1
Column: stop_prece
Column: grupas_id
Column: kateg_id
Column: alkoutlet_nosaukums
Column: alkoutlet_cena
Column: alkoutlet_akcija
Column: alkoutlet_datums
Column: alkoutlet_datums_7
Column: alkoutlet_url
Column: barbora_nosaukums
Column: barbora_cena
Column: barbora_akcija
Column: barbora_datums
Column: barbora_datums_7
Column: barbora_url
Column: citro_nosaukums
Column: citro_cena
Column: citro_akcija
Column: citro_datums
Column: citro_datums_7
Column: citro_url
Column: lats_nosaukums
Column: lats_cena
Column: lats_akcija
Column: lats_datums
Column: lats_datums_7
Column: lats_url
Column: rimi_nosaukums
Column: rimi_cena
Column: rimi_akcija
Column: rimi_datums
Column: rimi_datums_7
Column: rimi_url
Column: artikuls
Column: nosaukums
Column: pard_cena1
Column: stop_prece
Column: grupas_id
Column: kateg_id
Column: alkoutlet_nosaukums
Column: alkoutlet_cena
Column: alkoutlet_akcija
Column: alkoutlet_datums
Column: alkoutlet_datums_7
Column: alkoutlet_url
Column: barbora_nosaukums
Column: barbora_cena
Column: barbora_akcija
Column: barbora_datums
Column: barbora_datums_7
Column: barbora_url
Column: citro_nosaukums
Column: citro_cena
Column: citro_akcija
Column: citro_datums
Column: citro_datums_7
Column: citro_url
Column: lats_nosaukums
Column: lats_cena
Column: lats_akcija
Column: lats_datums
Column: lats_datums_7
Column: lats_url
Column: rimi_nosaukums
Column: rimi_cena
Column: rimi_akcija
Column: rimi_datums
Column: rimi_datums_7
Column: rimi_url
Column: artikuls
Column: nosaukums
Column: pard_cena1
Column: stop_prece
Column: grupas_id
Column: kateg_id
Column: alkoutlet_nosaukums
Column: alkoutlet_cena
Column: alkoutlet_akcija
Column: alkoutlet_datums
Column: alkoutlet_datums_7
Column: alkoutlet_url
Column: barbora_nosaukums
Column: barbora_cena
Column: barbora_akcija
Column: barbora_datums
Column: barbora_datums_7
Column: barbora_url
Column: citro_nosaukums
Column: citro_cena
Column: citro_akcija
Column: citro_datums
Column: citro_datums_7
Column: citro_url
Column: lats_nosaukums
Column: lats_cena
Column: lats_akcija
Column: lats_datums
Column: lats_datums_7
Column: lats_url
Column: rimi_nosaukums
Column: rimi_cena
Column: rimi_akcija
Column: rimi_datums
Column: rimi_datums_7
Column: rimi_url
Column: artikuls
Column: nosaukums
Column: pard_cena1
Column: stop_prece
Column: grupas_id
Column: kateg_id
Column: alkoutlet_nosaukums
Column: alkoutlet_cena
Column: alkoutlet_akcija
Column: alkoutlet_datums
Column: alkoutlet_datums_7
Column: alkoutlet_url
Column: barbora_nosaukums
Column: barbora_cena
Column: barbora_akcija
Column: barbora_datums
Column: barbora_datums_7
Column: barbora_url
Column: citro_nosaukums
Column: citro_cena
Column: citro_akcija
Column: citro_datums
Column: citro_datums_7
Column: citro_url
Column: lats_nosaukums
Column: lats_cena
Column: lats_akcija
Column: lats_datums
Column: lats_datums_7
Column: lats_url
Column: rimi_nosaukums
Column: rimi_cena
Column: rimi_akcija
Column: rimi_datums
Column: rimi_datums_7
Column: rimi_url
Column: artikuls
Column: nosaukums
Column: pard_cena1
Column: stop_prece
Column: grupas_id
Column: kateg_id
Column: alkoutlet_nosaukums
Column: alkoutlet_cena
Column: alkoutlet_akcija
Column: alkoutlet_datums
Column: alkoutlet_datums_7
Column: alkoutlet_url
Column: barbora_nosaukums
Column: barbora_cena
Column: barbora_akcija
Column: barbora_datums
Column: barbora_datums_7
Column: barbora_url
Column: citro_nosaukums
Column: citro_cena
Column: citro_akcija
Column: citro_datums
Column: citro_datums_7
Column: citro_url
Column: lats_nosaukums
Column: lats_cena
Column: lats_akcija
Column: lats_datums
Column: lats_datums_7
Column: lats_url
Column: rimi_nosaukums
Column: rimi_cena
Column: rimi_akcija
Column: rimi_datums
Column: rimi_datums_7
Column: rimi_url
Column: artikuls
Column: nosaukums
Column: pard_cena1
Column: stop_prece
Column: grupas_id
Column: kateg_id
Column: alkoutlet_nosaukums
Column: alkoutlet_cena
Column: alkoutlet_akcija
Column: alkoutlet_datums
Column: alkoutlet_datums_7
Column: alkoutlet_url
Column: barbora_nosaukums
Column: barbora_cena
Column: barbora_akcija
Column: barbora_datums
Column: barbora_datums_7
Column: barbora_url
Column: citro_nosaukums
Column: citro_cena
Column: citro_akcija
Column: citro_datums
Column: citro_datums_7
Column: citro_url
Column: lats_nosaukums
Column: lats_cena
Column: lats_akcija
Column: lats_datums
Column: lats_datums_7
Column: lats_url
Column: rimi_nosaukums
Column: rimi_cena
Column: rimi_akcija
Column: rimi_datums
Column: rimi_datums_7
Column: rimi_url
Column: artikuls
Column: nosaukums
Column: pard_cena1
Column: stop_prece
Column: grupas_id
Column: kateg_id
Column: alkoutlet_nosaukums
Column: alkoutlet_cena
Column: alkoutlet_akcija
Column: alkoutlet_datums
Column: alkoutlet_datums_7
Column: alkoutlet_url
Column: barbora_nosaukums
Column: barbora_cena
Column: barbora_akcija
Column: barbora_datums
Column: barbora_datums_7
Column: barbora_url
Column: citro_nosaukums
Column: citro_cena
Column: citro_akcija
Column: citro_datums
Column: citro_datums_7
Column: citro_url
Column: lats_nosaukums
Column: lats_cena
Column: lats_akcija
Column: lats_datums
Column: lats_datums_7
Column: lats_url
Column: rimi_nosaukums
Column: rimi_cena
Column: rimi_akcija
Column: rimi_datums
Column: rimi_datums_7
Column: rimi_url
Column: artikuls
Column: nosaukums
Column: pard_cena1
Column: stop_prece
Column: grupas_id
Column: kateg_id
Column: alkoutlet_nosaukums
Column: alkoutlet_cena
Column: alkoutlet_akcija
Column: alkoutlet_datums
Column: alkoutlet_datums_7
Column: alkoutlet_url
Column: barbora_nosaukums
Column: barbora_cena
Column: barbora_akcija
Column: barbora_datums
Column: barbora_datums_7
Column: barbora_url
Column: citro_nosaukums
Column: citro_cena
Column: citro_akcija
Column: citro_datums
Column: citro_datums_7
Column: citro_url
Column: lats_nosaukums
Column: lats_cena
Column: lats_akcija
Column: lats_datums
Column: lats_datums_7
Column: lats_url
Column: rimi_nosaukums
Column: rimi_cena
Column: rimi_akcija
Column: rimi_datums
Column: rimi_datums_7
Column: rimi_url
Column: artikuls
Column: nosaukums
Column: pard_cena1
Column: stop_prece
Column: grupas_id
Column: kateg_id
Column: alkoutlet_nosaukums
Column: alkoutlet_cena
Column: alkoutlet_akcija
Column: alkoutlet_datums
Column: alkoutlet_datums_7
Column: alkoutlet_url
Column: barbora_nosaukums
Column: barbora_cena
Column: barbora_akcija
Column: barbora_datums
Column: barbora_datums_7
Column: barbora_url
Column: citro_nosaukums
Column: citro_cena
Column: citro_akcija
Column: citro_datums
Column: citro_datums_7
Column: citro_url
Column: lats_nosaukums
Column: lats_cena
Column: lats_akcija
Column: lats_datums
Column: lats_datums_7
Column: lats_url
Column: rimi_nosaukums
Column: rimi_cena
Column: rimi_akcija
Column: rimi_datums
Column: rimi_datums_7
Column: rimi_url
Column: artikuls
Column: nosaukums
Column: pard_cena1
Column: stop_prece
Column: grupas_id
Column: kateg_id
Column: alkoutlet_nosaukums
Column: alkoutlet_cena
Column: alkoutlet_akcija
Column: alkoutlet_datums
Column: alkoutlet_datums_7
Column: alkoutlet_url
Column: barbora_nosaukums
Column: barbora_cena
Column: barbora_akcija
Column: barbora_datums
Column: barbora_datums_7
Column: barbora_url
Column: citro_nosaukums
Column: citro_cena
Column: citro_akcija
Column: citro_datums
Column: citro_datums_7
Column: citro_url
Column: lats_nosaukums
Column: lats_cena
Column: lats_akcija
Column: lats_datums
Column: lats_datums_7
Column: lats_url
Column: rimi_nosaukums
Column: rimi_cena
Column: rimi_akcija
Column: rimi_datums
Column: rimi_datums_7
Column: rimi_url
Column: artikuls
Column: nosaukums
Column: pard_cena1
Column: stop_prece
Column: grupas_id
Column: kateg_id
Column: alkoutlet_nosaukums
Column: alkoutlet_cena
Column: alkoutlet_akcija
Column: alkoutlet_datums
Column: alkoutlet_datums_7
Column: alkoutlet_url
Column: barbora_nosaukums
Column: barbora_cena
Column: barbora_akcija
Column: barbora_datums
Column: barbora_datums_7
Column: barbora_url
Column: citro_nosaukums
Column: citro_cena
Column: citro_akcija
Column: citro_datums
Column: citro_datums_7
Column: citro_url
Column: lats_nosaukums
Column: lats_cena
Column: lats_akcija
Column: lats_datums
Column: lats_datums_7
Column: lats_url
Column: rimi_nosaukums
Column: rimi_cena
Column: rimi_akcija
Column: rimi_datums
Column: rimi_datums_7
Column: rimi_url
Column: artikuls
Column: nosaukums
Column: pard_cena1
Column: stop_prece
Column: grupas_id
Column: kateg_id
Column: alkoutlet_nosaukums
Column: alkoutlet_cena
Column: alkoutlet_akcija
Column: alkoutlet_datums
Column: alkoutlet_datums_7
Column: alkoutlet_url
Column: barbora_nosaukums
Column: barbora_cena
Column: barbora_akcija
Column: barbora_datums
Column: barbora_datums_7
Column: barbora_url
Column: citro_nosaukums
Column: citro_cena
Column: citro_akcija
Column: citro_datums
Column: citro_datums_7
Column: citro_url
Column: lats_nosaukums
Column: lats_cena
Column: lats_akcija
Column: lats_datums
Column: lats_datums_7
Column: lats_url
Column: rimi_nosaukums
Column: rimi_cena
Column: rimi_akcija
Column: rimi_datums
Column: rimi_datums_7
Column: rimi_url
Column: artikuls
Column: nosaukums
Column: pard_cena1
Column: stop_prece
Column: grupas_id
Column: kateg_id
Column: alkoutlet_nosaukums
Column: alkoutlet_cena
Column: alkoutlet_akcija
Column: alkoutlet_datums
Column: alkoutlet_datums_7
Column: alkoutlet_url
Column: barbora_nosaukums
Column: barbora_cena
Column: barbora_akcija
Column: barbora_datums
Column: barbora_datums_7
Column: barbora_url
Column: citro_nosaukums
Column: citro_cena
Column: citro_akcija
Column: citro_datums
Column: citro_datums_7
Column: citro_url
Column: lats_nosaukums
Column: lats_cena
Column: lats_akcija
Column: lats_datums
Column: lats_datums_7
Column: lats_url
Column: rimi_nosaukums
Column: rimi_cena
Column: rimi_akcija
Column: rimi_datums
Column: rimi_datums_7
Column: rimi_url
Column: artikuls
Column: nosaukums
Column: pard_cena1
Column: stop_prece
Column: grupas_id
Column: kateg_id
Column: alkoutlet_nosaukums
Column: alkoutlet_cena
Column: alkoutlet_akcija
Column: alkoutlet_datums
Column: alkoutlet_datums_7
Column: alkoutlet_url
Column: barbora_nosaukums
Column: barbora_cena
Column: barbora_akcija
Column: barbora_datums
Column: barbora_datums_7
Column: barbora_url
Column: citro_nosaukums
Column: citro_cena
Column: citro_akcija
Column: citro_datums
Column: citro_datums_7
Column: citro_url
Column: lats_nosaukums
Column: lats_cena
Column: lats_akcija
Column: lats_datums
Column: lats_datums_7
Column: lats_url
Column: rimi_nosaukums
Column: rimi_cena
Column: rimi_akcija
Column: rimi_datums
Column: rimi_datums_7
Column: rimi_url
Column: artikuls
Column: nosaukums
Column: pard_cena1
Column: stop_prece
Column: grupas_id
Column: kateg_id
Column: alkoutlet_nosaukums
Column: alkoutlet_cena
Column: alkoutlet_akcija
Column: alkoutlet_datums
Column: alkoutlet_datums_7
Column: alkoutlet_url
Column: barbora_nosaukums
Column: barbora_cena
Column: barbora_akcija
Column: barbora_datums
Column: barbora_datums_7
Column: barbora_url
Column: citro_nosaukums
Column: citro_cena
Column: citro_akcija
Column: citro_datums
Column: citro_datums_7
Column: citro_url
Column: lats_nosaukums
Column: lats_cena
Column: lats_akcija
Column: lats_datums
Column: lats_datums_7
Column: lats_url
Column: rimi_nosaukums
Column: rimi_cena
Column: rimi_akcija
Column: rimi_datums
Column: rimi_datums_7
Column: rimi_url
Column: artikuls
Column: nosaukums
Column: pard_cena1
Column: stop_prece
Column: grupas_id
Column: kateg_id
Column: alkoutlet_nosaukums
Column: alkoutlet_cena
Column: alkoutlet_akcija
Column: alkoutlet_datums
Column: alkoutlet_datums_7
Column: alkoutlet_url
Column: barbora_nosaukums
Column: barbora_cena
Column: barbora_akcija
Column: barbora_datums
Column: barbora_datums_7
Column: barbora_url
Column: citro_nosaukums
Column: citro_cena
Column: citro_akcija
Column: citro_datums
Column: citro_datums_7
Column: citro_url
Column: lats_nosaukums
Column: lats_cena
Column: lats_akcija
Column: lats_datums
Column: lats_datums_7
Column: lats_url
Column: rimi_nosaukums
Column: rimi_cena
Column: rimi_akcija
Column: rimi_datums
Column: rimi_datums_7
Column: rimi_url
Column: artikuls
Column: nosaukums
Column: pard_cena1
Column: stop_prece
Column: grupas_id
Column: kateg_id
Column: alkoutlet_nosaukums
Column: alkoutlet_cena
Column: alkoutlet_akcija
Column: alkoutlet_datums
Column: alkoutlet_datums_7
Column: alkoutlet_url
Column: barbora_nosaukums
Column: barbora_cena
Column: barbora_akcija
Column: barbora_datums
Column: barbora_datums_7
Column: barbora_url
Column: citro_nosaukums
Column: citro_cena
Column: citro_akcija
Column: citro_datums
Column: citro_datums_7
Column: citro_url
Column: lats_nosaukums
Column: lats_cena
Column: lats_akcija
Column: lats_datums
Column: lats_datums_7
Column: lats_url
Column: rimi_nosaukums
Column: rimi_cena
Column: rimi_akcija
Column: rimi_datums
Column: rimi_datums_7
Column: rimi_url
Column: artikuls
Column: nosaukums
Column: pard_cena1
Column: stop_prece
Column: grupas_id
Column: kateg_id
Column: alkoutlet_nosaukums
Column: alkoutlet_cena
Column: alkoutlet_akcija
Column: alkoutlet_datums
Column: alkoutlet_datums_7
Column: alkoutlet_url
Column: barbora_nosaukums
Column: barbora_cena
Column: barbora_akcija
Column: barbora_datums
Column: barbora_datums_7
Column: barbora_url
Column: citro_nosaukums
Column: citro_cena
Column: citro_akcija
Column: citro_datums
Column: citro_datums_7
Column: citro_url
Column: lats_nosaukums
Column: lats_cena
Column: lats_akcija
Column: lats_datums
Column: lats_datums_7
Column: lats_url
Column: rimi_nosaukums
Column: rimi_cena
Column: rimi_akcija
Column: rimi_datums
Column: rimi_datums_7
Column: rimi_url
Column: artikuls
Column: nosaukums
Column: pard_cena1
Column: stop_prece
Column: grupas_id
Column: kateg_id
Column: alkoutlet_nosaukums
Column: alkoutlet_cena
Column: alkoutlet_akcija
Column: alkoutlet_datums
Column: alkoutlet_datums_7
Column: alkoutlet_url
Column: barbora_nosaukums
Column: barbora_cena
Column: barbora_akcija
Column: barbora_datums
Column: barbora_datums_7
Column: barbora_url
Column: citro_nosaukums
Column: citro_cena
Column: citro_akcija
Column: citro_datums
Column: citro_datums_7
Column: citro_url
Column: lats_nosaukums
Column: lats_cena
Column: lats_akcija
Column: lats_datums
Column: lats_datums_7
Column: lats_url
Column: rimi_nosaukums
Column: rimi_cena
Column: rimi_akcija
Column: rimi_datums
Column: rimi_datums_7
Column: rimi_url
Column: artikuls
Column: nosaukums
Column: pard_cena1
Column: stop_prece
Column: grupas_id
Column: kateg_id
Column: alkoutlet_nosaukums
Column: alkoutlet_cena
Column: alkoutlet_akcija
Column: alkoutlet_datums
Column: alkoutlet_datums_7
Column: alkoutlet_url
Column: barbora_nosaukums
Column: barbora_cena
Column: barbora_akcija
Column: barbora_datums
Column: barbora_datums_7
Column: barbora_url
Column: citro_nosaukums
Column: citro_cena
Column: citro_akcija
Column: citro_datums
Column: citro_datums_7
Column: citro_url
Column: lats_nosaukums
Column: lats_cena
Column: lats_akcija
Column: lats_datums
Column: lats_datums_7
Column: lats_url
Column: rimi_nosaukums
Column: rimi_cena
Column: rimi_akcija
Column: rimi_datums
Column: rimi_datums_7
Column: rimi_url
Column: artikuls
Column: nosaukums
Column: pard_cena1
Column: stop_prece
Column: grupas_id
Column: kateg_id
Column: alkoutlet_nosaukums
Column: alkoutlet_cena
Column: alkoutlet_akcija
Column: alkoutlet_datums
Column: alkoutlet_datums_7
Column: alkoutlet_url
Column: barbora_nosaukums
Column: barbora_cena
Column: barbora_akcija
Column: barbora_datums
Column: barbora_datums_7
Column: barbora_url
Column: citro_nosaukums
Column: citro_cena
Column: citro_akcija
Column: citro_datums
Column: citro_datums_7
Column: citro_url
Column: lats_nosaukums
Column: lats_cena
Column: lats_akcija
Column: lats_datums
Column: lats_datums_7
Column: lats_url
Column: rimi_nosaukums
Column: rimi_cena
Column: rimi_akcija
Column: rimi_datums
Column: rimi_datums_7
Column: rimi_url
Column: artikuls
Column: nosaukums
Column: pard_cena1
Column: stop_prece
Column: grupas_id
Column: kateg_id
Column: alkoutlet_nosaukums
Column: alkoutlet_cena
Column: alkoutlet_akcija
Column: alkoutlet_datums
Column: alkoutlet_datums_7
Column: alkoutlet_url
Column: barbora_nosaukums
Column: barbora_cena
Column: barbora_akcija
Column: barbora_datums
Column: barbora_datums_7
Column: barbora_url
Column: citro_nosaukums
Column: citro_cena
Column: citro_akcija
Column: citro_datums
Column: citro_datums_7
Column: citro_url
Column: lats_nosaukums
Column: lats_cena
Column: lats_akcija
Column: lats_datums
Column: lats_datums_7
Column: lats_url
Column: rimi_nosaukums
Column: rimi_cena
Column: rimi_akcija
Column: rimi_datums
Column: rimi_datums_7
Column: rimi_url
Column: artikuls
Column: nosaukums
Column: pard_cena1
Column: stop_prece
Column: grupas_id
Column: kateg_id
Column: alkoutlet_nosaukums
Column: alkoutlet_cena
Column: alkoutlet_akcija
Column: alkoutlet_datums
Column: alkoutlet_datums_7
Column: alkoutlet_url
Column: barbora_nosaukums
Column: barbora_cena
Column: barbora_akcija
Column: barbora_datums
Column: barbora_datums_7
Column: barbora_url
Column: citro_nosaukums
Column: citro_cena
Column: citro_akcija
Column: citro_datums
Column: citro_datums_7
Column: citro_url
Column: lats_nosaukums
Column: lats_cena
Column: lats_akcija
Column: lats_datums
Column: lats_datums_7
Column: lats_url
Column: rimi_nosaukums
Column: rimi_cena
Column: rimi_akcija
Column: rimi_datums
Column: rimi_datums_7
Column: rimi_url
Column: artikuls
Column: nosaukums
Column: pard_cena1
Column: stop_prece
Column: grupas_id
Column: kateg_id
Column: alkoutlet_nosaukums
Column: alkoutlet_cena
Column: alkoutlet_akcija
Column: alkoutlet_datums
Column: alkoutlet_datums_7
Column: alkoutlet_url
Column: barbora_nosaukums
Column: barbora_cena
Column: barbora_akcija
Column: barbora_datums
Column: barbora_datums_7
Column: barbora_url
Column: citro_nosaukums
Column: citro_cena
Column: citro_akcija
Column: citro_datums
Column: citro_datums_7
Column: citro_url
Column: lats_nosaukums
Column: lats_cena
Column: lats_akcija
Column: lats_datums
Column: lats_datums_7
Column: lats_url
Column: rimi_nosaukums
Column: rimi_cena
Column: rimi_akcija
Column: rimi_datums
Column: rimi_datums_7
Column: rimi_url
Column: artikuls
Column: nosaukums
Column: pard_cena1
Column: stop_prece
Column: grupas_id
Column: kateg_id
Column: alkoutlet_nosaukums
Column: alkoutlet_cena
Column: alkoutlet_akcija
Column: alkoutlet_datums
Column: alkoutlet_datums_7
Column: alkoutlet_url
Column: barbora_nosaukums
Column: barbora_cena
Column: barbora_akcija
Column: barbora_datums
Column: barbora_datums_7
Column: barbora_url
Column: citro_nosaukums
Column: citro_cena
Column: citro_akcija
Column: citro_datums
Column: citro_datums_7
Column: citro_url
Column: lats_nosaukums
Column: lats_cena
Column: lats_akcija
Column: lats_datums
Column: lats_datums_7
Column: lats_url
Column: rimi_nosaukums
Column: rimi_cena
Column: rimi_akcija
Column: rimi_datums
Column: rimi_datums_7
Column: rimi_url
Column: artikuls
Column: nosaukums
Column: pard_cena1
Column: stop_prece
Column: grupas_id
Column: kateg_id
Column: alkoutlet_nosaukums
Column: alkoutlet_cena
Column: alkoutlet_akcija
Column: alkoutlet_datums
Column: alkoutlet_datums_7
Column: alkoutlet_url
Column: barbora_nosaukums
Column: barbora_cena
Column: barbora_akcija
Column: barbora_datums
Column: barbora_datums_7
Column: barbora_url
Column: citro_nosaukums
Column: citro_cena
Column: citro_akcija
Column: citro_datums
Column: citro_datums_7
Column: citro_url
Column: lats_nosaukums
Column: lats_cena
Column: lats_akcija
Column: lats_datums
Column: lats_datums_7
Column: lats_url
Column: rimi_nosaukums
Column: rimi_cena
Column: rimi_akcija
Column: rimi_datums
Column: rimi_datums_7
Column: rimi_url
Column: artikuls
Column: nosaukums
Column: pard_cena1
Column: stop_prece
Column: grupas_id
Column: kateg_id
Column: alkoutlet_nosaukums
Column: alkoutlet_cena
Column: alkoutlet_akcija
Column: alkoutlet_datums
Column: alkoutlet_datums_7
Column: alkoutlet_url
Column: barbora_nosaukums
Column: barbora_cena
Column: barbora_akcija
Column: barbora_datums
Column: barbora_datums_7
Column: barbora_url
Column: citro_nosaukums
Column: citro_cena
Column: citro_akcija
Column: citro_datums
Column: citro_datums_7
Column: citro_url
Column: lats_nosaukums
Column: lats_cena
Column: lats_akcija
Column: lats_datums
Column: lats_datums_7
Column: lats_url
Column: rimi_nosaukums
Column: rimi_cena
Column: rimi_akcija
Column: rimi_datums
Column: rimi_datums_7
Column: rimi_url
Column: artikuls
Column: nosaukums
Column: pard_cena1
Column: stop_prece
Column: grupas_id
Column: kateg_id
Column: alkoutlet_nosaukums
Column: alkoutlet_cena
Column: alkoutlet_akcija
Column: alkoutlet_datums
Column: alkoutlet_datums_7
Column: alkoutlet_url
Column: barbora_nosaukums
Column: barbora_cena
Column: barbora_akcija
Column: barbora_datums
Column: barbora_datums_7
Column: barbora_url
Column: citro_nosaukums
Column: citro_cena
Column: citro_akcija
Column: citro_datums
Column: citro_datums_7
Column: citro_url
Column: lats_nosaukums
Column: lats_cena
Column: lats_akcija
Column: lats_datums
Column: lats_datums_7
Column: lats_url
Column: rimi_nosaukums
Column: rimi_cena
Column: rimi_akcija
Column: rimi_datums
Column: rimi_datums_7
Column: rimi_url
Column: artikuls
Column: nosaukums
Column: pard_cena1
Column: stop_prece
Column: grupas_id
Column: kateg_id
Column: alkoutlet_nosaukums
Column: alkoutlet_cena
Column: alkoutlet_akcija
Column: alkoutlet_datums
Column: alkoutlet_datums_7
Column: alkoutlet_url
Column: barbora_nosaukums
Column: barbora_cena
Column: barbora_akcija
Column: barbora_datums
Column: barbora_datums_7
Column: barbora_url
Column: citro_nosaukums
Column: citro_cena
Column: citro_akcija
Column: citro_datums
Column: citro_datums_7
Column: citro_url
Column: lats_nosaukums
Column: lats_cena
Column: lats_akcija
Column: lats_datums
Column: lats_datums_7
Column: lats_url
Column: rimi_nosaukums
Column: rimi_cena
Column: rimi_akcija
Column: rimi_datums
Column: rimi_datums_7
Column: rimi_url
Column: artikuls
Column: nosaukums
Column: pard_cena1
Column: stop_prece
Column: grupas_id
Column: kateg_id
Column: alkoutlet_nosaukums
Column: alkoutlet_cena
Column: alkoutlet_akcija
Column: alkoutlet_datums
Column: alkoutlet_datums_7
Column: alkoutlet_url
Column: barbora_nosaukums
Column: barbora_cena
Column: barbora_akcija
Column: barbora_datums
Column: barbora_datums_7
Column: barbora_url
Column: citro_nosaukums
Column: citro_cena
Column: citro_akcija
Column: citro_datums
Column: citro_datums_7
Column: citro_url
Column: lats_nosaukums
Column: lats_cena
Column: lats_akcija
Column: lats_datums
Column: lats_datums_7
Column: lats_url
Column: rimi_nosaukums
Column: rimi_cena
Column: rimi_akcija
Column: rimi_datums
Column: rimi_datums_7
Column: rimi_url
